Total food images needed: 646
Already generated: 0
Remaining to generate: 646
Estimated time: 8.1 hours
============================================================
[1/646] Generating: alcapurria_crab
  Prompt: RAW photo, alcapurrias de jueyes, Puerto Rican fried fritters stuffed with crab, centered on a clean...
Traceback (most recent call last):
  File "C:\Users\leoll\gyn-app-new\gym-app-new\generate_food_images.py", line 827, in main
    print(f"  \u2713 Saved: {result}")
    ~~~~~^^^^^^^^^^^^^^^^^^^^^^^^
  File "C:\Python313\Lib\encodings\cp1252.py", line 19, in encode
    return codecs.charmap_encode(input,self.errors,encoding_table)[0]
           ~~~~~~~~~~~~~~~~~~~~~^^^^^^^^^^^^^^^^^^^^^^^^^^^^^^^^^^
UnicodeEncodeError: 'charmap' codec can't encode character '\u2713' in position 2: character maps to <undefined>

During handling of the above exception, another exception occurred:

Traceback (most recent call last):
  File "C:\Users\leoll\gyn-app-new\gym-app-new\generate_food_images.py", line 840, in <module>
    main()
    ~~~~^^
  File "C:\Users\leoll\gyn-app-new\gym-app-new\generate_food_images.py", line 831, in main
    print(f"  \u2717 ERROR: {e}")
    ~~~~~^^^^^^^^^^^^^^^^^^^
  File "C:\Python313\Lib\encodings\cp1252.py", line 19, in encode
    return codecs.charmap_encode(input,self.errors,encoding_table)[0]
           ~~~~~~~~~~~~~~~~~~~~~^^^^^^^^^^^^^^^^^^^^^^^^^^^^^^^^^^
UnicodeEncodeError: 'charmap' codec can't encode character '\u2717' in position 2: character maps to <undefined>
